<?xml version="1.0" encoding="UTF-8"?>
<!-- Generated by org.testng.reporters.JUnitXMLReporter -->
<testsuite ignored="0" hostname="PG02ZEBB" failures="0" tests="3" name="Default test" time="4.269" errors="0" timestamp="2025-03-07T12:25:44 IST">
  <testcase classname="com.testCases.RadioButtonExampleTests" name="CheckRadioButton1" time="0.204"/>
  <testcase classname="com.testCases.RadioButtonExampleTests" name="CheckRadioButton2" time="0.179"/>
  <testcase classname="com.testCases.RadioButtonExampleTests" name="CheckRadioButton3" time="0.203"/>
</testsuite> <!-- Default test -->
